{"C:\\Users\\gvg74\\Desktop\\aitho\\esercizio5_Routing\\routing_app\\src\\components\\index.ts": {"path":"C:\\Users\\gvg74\\Desktop\\aitho\\esercizio5_Routing\\routing_app\\src\\components\\index.ts","statementMap":{"0":{"start":{"line":1,"column":0},"end":{"line":1,"column":9}},"1":{"start":{"line":7,"column":9},"end":{"line":1,"column":41}},"2":{"start":{"line":2,"column":0},"end":{"line":2,"column":9}},"3":{"start":{"line":7,"column":17},"end":{"line":2,"column":38}},"4":{"start":{"line":3,"column":0},"end":{"line":3,"column":9}},"5":{"start":{"line":7,"column":24},"end":{"line":3,"column":41}},"6":{"start":{"line":4,"column":0},"end":{"line":4,"column":9}},"7":{"start":{"line":7,"column":32},"end":{"line":4,"column":53}},"8":{"start":{"line":5,"column":0},"end":{"line":5,"column":9}},"9":{"start":{"line":7,"column":46},"end":{"line":5,"column":52}}},"fnMap":{"0":{"name":"(anonymous_0)","decl":{"start":{"line":7,"column":9},"end":{"line":7,"column":15}},"loc":{"start":{"line":7,"column":9},"end":{"line":1,"column":41}}},"1":{"name":"(anonymous_1)","decl":{"start":{"line":7,"column":17},"end":{"line":7,"column":22}},"loc":{"start":{"line":7,"column":17},"end":{"line":2,"column":38}}},"2":{"name":"(anonymous_2)","decl":{"start":{"line":7,"column":24},"end":{"line":7,"column":30}},"loc":{"start":{"line":7,"column":24},"end":{"line":3,"column":41}}},"3":{"name":"(anonymous_3)","decl":{"start":{"line":7,"column":32},"end":{"line":7,"column":44}},"loc":{"start":{"line":7,"column":32},"end":{"line":4,"column":53}}},"4":{"name":"(anonymous_4)","decl":{"start":{"line":7,"column":46},"end":{"line":7,"column":58}},"loc":{"start":{"line":7,"column":46},"end":{"line":5,"column":52}}}},"branchMap":{},"s":{"0":5,"1":8,"2":5,"3":8,"4":5,"5":8,"6":5,"7":28,"8":5,"9":7},"f":{"0":3,"1":3,"2":3,"3":23,"4":2},"b":{}}
,"C:\\Users\\gvg74\\Desktop\\aitho\\esercizio5_Routing\\routing_app\\src\\components\\alert\\AlertForm.tsx": {"path":"C:\\Users\\gvg74\\Desktop\\aitho\\esercizio5_Routing\\routing_app\\src\\components\\alert\\AlertForm.tsx","statementMap":{"0":{"start":{"line":1,"column":0},"end":{"line":1,"column":29}},"1":{"start":{"line":2,"column":0},"end":{"line":2,"column":38}},"2":{"start":{"line":8,"column":13},"end":{"line":14,"column":3}},"3":{"start":{"line":9,"column":2},"end":{"line":13,"column":4}}},"fnMap":{"0":{"name":"(anonymous_0)","decl":{"start":{"line":8,"column":30},"end":{"line":8,"column":31}},"loc":{"start":{"line":8,"column":62},"end":{"line":14,"column":1}}}},"branchMap":{},"s":{"0":6,"1":6,"2":6,"3":5},"f":{"0":5},"b":{}}
,"C:\\Users\\gvg74\\Desktop\\aitho\\esercizio5_Routing\\routing_app\\src\\components\\button\\CustomButton.tsx": {"path":"C:\\Users\\gvg74\\Desktop\\aitho\\esercizio5_Routing\\routing_app\\src\\components\\button\\CustomButton.tsx","statementMap":{"0":{"start":{"line":1,"column":0},"end":{"line":1,"column":39}},"1":{"start":{"line":2,"column":0},"end":{"line":2,"column":33}},"2":{"start":{"line":10,"column":13},"end":{"line":24,"column":2}},"3":{"start":{"line":12,"column":4},"end":{"line":22,"column":6}}},"fnMap":{"0":{"name":"(anonymous_0)","decl":{"start":{"line":11,"column":2},"end":{"line":11,"column":3}},"loc":{"start":{"line":11,"column":44},"end":{"line":23,"column":3}}}},"branchMap":{},"s":{"0":5,"1":5,"2":5,"3":15},"f":{"0":15},"b":{}}
,"C:\\Users\\gvg74\\Desktop\\aitho\\esercizio5_Routing\\routing_app\\src\\components\\login\\Login.tsx": {"path":"C:\\Users\\gvg74\\Desktop\\aitho\\esercizio5_Routing\\routing_app\\src\\components\\login\\Login.tsx","statementMap":{"0":{"start":{"line":1,"column":0},"end":{"line":1,"column":32}},"1":{"start":{"line":2,"column":0},"end":{"line":2,"column":null}},"2":{"start":{"line":11,"column":0},"end":{"line":11,"column":35}},"3":{"start":{"line":13,"column":0},"end":{"line":13,"column":40}},"4":{"start":{"line":14,"column":0},"end":{"line":14,"column":62}},"5":{"start":{"line":15,"column":0},"end":{"line":15,"column":71}},"6":{"start":{"line":17,"column":21},"end":{"line":114,"column":1}},"7":{"start":{"line":18,"column":25},"end":{"line":18,"column":44}},"8":{"start":{"line":19,"column":27},"end":{"line":19,"column":48}},"9":{"start":{"line":28,"column":6},"end":{"line":37,"column":4}},"10":{"start":{"line":39,"column":23},"end":{"line":48,"column":null}},"11":{"start":{"line":42,"column":6},"end":{"line":45,"column":null}},"12":{"start":{"line":51,"column":2},"end":{"line":113,"column":4}},"13":{"start":{"line":17,"column":13},"end":{"line":17,"column":21}}},"fnMap":{"0":{"name":"(anonymous_0)","decl":{"start":{"line":17,"column":21},"end":{"line":17,"column":24}},"loc":{"start":{"line":17,"column":26},"end":{"line":114,"column":1}}},"1":{"name":"(anonymous_1)","decl":{"start":{"line":41,"column":4},"end":{"line":41,"column":7}},"loc":{"start":{"line":42,"column":6},"end":{"line":45,"column":null}}}},"branchMap":{"0":{"loc":{"start":{"line":86,"column":25},"end":{"line":86,"column":63}},"type":"binary-expr","locations":[{"start":{"line":86,"column":25},"end":{"line":86,"column":38}},{"start":{"line":86,"column":42},"end":{"line":86,"column":63}}]},"1":{"loc":{"start":{"line":87,"column":30},"end":{"line":87,"column":59}},"type":"binary-expr","locations":[{"start":{"line":87,"column":30},"end":{"line":87,"column":43}},{"start":{"line":87,"column":47},"end":{"line":87,"column":59}}]},"2":{"loc":{"start":{"line":102,"column":25},"end":{"line":102,"column":69}},"type":"binary-expr","locations":[{"start":{"line":102,"column":25},"end":{"line":102,"column":41}},{"start":{"line":102,"column":45},"end":{"line":102,"column":69}}]},"3":{"loc":{"start":{"line":103,"column":30},"end":{"line":103,"column":65}},"type":"binary-expr","locations":[{"start":{"line":103,"column":30},"end":{"line":103,"column":46}},{"start":{"line":103,"column":50},"end":{"line":103,"column":65}}]}},"s":{"0":4,"1":4,"2":4,"3":4,"4":4,"5":4,"6":4,"7":11,"8":11,"9":11,"10":10,"11":5,"12":10,"13":4},"f":{"0":11,"1":5},"b":{"0":[10,3],"1":[10,3],"2":[10,2],"3":[10,2]}}
,"C:\\Users\\gvg74\\Desktop\\aitho\\esercizio5_Routing\\routing_app\\src\\components\\login\\utils\\useHandleOnSubmit.ts": {"path":"C:\\Users\\gvg74\\Desktop\\aitho\\esercizio5_Routing\\routing_app\\src\\components\\login\\utils\\useHandleOnSubmit.ts","statementMap":{"0":{"start":{"line":1,"column":0},"end":{"line":1,"column":36}},"1":{"start":{"line":3,"column":0},"end":{"line":3,"column":47}},"2":{"start":{"line":4,"column":0},"end":{"line":4,"column":62}},"3":{"start":{"line":5,"column":0},"end":{"line":5,"column":48}},"4":{"start":{"line":6,"column":0},"end":{"line":6,"column":55}},"5":{"start":{"line":10,"column":33},"end":{"line":24,"column":1}},"6":{"start":{"line":11,"column":40},"end":{"line":12,"column":null}},"7":{"start":{"line":12,"column":37},"end":{"line":12,"column":60}},"8":{"start":{"line":14,"column":19},"end":{"line":14,"column":32}},"9":{"start":{"line":15,"column":19},"end":{"line":15,"column":32}},"10":{"start":{"line":16,"column":2},"end":{"line":23,"column":54}},"11":{"start":{"line":17,"column":4},"end":{"line":20,"column":6}},"12":{"start":{"line":21,"column":4},"end":{"line":21,"column":78}},"13":{"start":{"line":22,"column":4},"end":{"line":22,"column":30}},"14":{"start":{"line":10,"column":13},"end":{"line":10,"column":33}}},"fnMap":{"0":{"name":"(anonymous_0)","decl":{"start":{"line":10,"column":33},"end":{"line":10,"column":36}},"loc":{"start":{"line":10,"column":38},"end":{"line":24,"column":1}}},"1":{"name":"(anonymous_1)","decl":{"start":{"line":12,"column":4},"end":{"line":12,"column":5}},"loc":{"start":{"line":12,"column":37},"end":{"line":12,"column":60}}},"2":{"name":"(anonymous_2)","decl":{"start":{"line":16,"column":21},"end":{"line":16,"column":24}},"loc":{"start":{"line":16,"column":26},"end":{"line":23,"column":3}}}},"branchMap":{},"s":{"0":4,"1":4,"2":4,"3":4,"4":4,"5":4,"6":1,"7":0,"8":1,"9":1,"10":1,"11":1,"12":1,"13":1,"14":4},"f":{"0":1,"1":0,"2":1},"b":{}}
,"C:\\Users\\gvg74\\Desktop\\aitho\\esercizio5_Routing\\routing_app\\src\\components\\login\\validation\\useValidationSchema.ts": {"path":"C:\\Users\\gvg74\\Desktop\\aitho\\esercizio5_Routing\\routing_app\\src\\components\\login\\validation\\useValidationSchema.ts","statementMap":{"0":{"start":{"line":1,"column":0},"end":{"line":1,"column":27}},"1":{"start":{"line":2,"column":0},"end":{"line":2,"column":42}},"2":{"start":{"line":5,"column":35},"end":{"line":23,"column":1}},"3":{"start":{"line":6,"column":30},"end":{"line":8,"column":null}},"4":{"start":{"line":8,"column":37},"end":{"line":8,"column":60}},"5":{"start":{"line":11,"column":27},"end":{"line":21,"column":4}},"6":{"start":{"line":22,"column":2},"end":{"line":22,"column":26}},"7":{"start":{"line":5,"column":13},"end":{"line":5,"column":35}}},"fnMap":{"0":{"name":"(anonymous_6)","decl":{"start":{"line":5,"column":35},"end":{"line":5,"column":38}},"loc":{"start":{"line":5,"column":40},"end":{"line":23,"column":1}}},"1":{"name":"(anonymous_7)","decl":{"start":{"line":8,"column":4},"end":{"line":8,"column":5}},"loc":{"start":{"line":8,"column":37},"end":{"line":8,"column":60}}}},"branchMap":{},"s":{"0":5,"1":5,"2":5,"3":13,"4":0,"5":13,"6":13,"7":5},"f":{"0":13,"1":0},"b":{}}
,"C:\\Users\\gvg74\\Desktop\\aitho\\esercizio5_Routing\\routing_app\\src\\components\\modal\\ModalProfile.tsx": {"path":"C:\\Users\\gvg74\\Desktop\\aitho\\esercizio5_Routing\\routing_app\\src\\components\\modal\\ModalProfile.tsx","statementMap":{"0":{"start":{"line":2,"column":0},"end":{"line":2,"column":73}},"1":{"start":{"line":3,"column":0},"end":{"line":3,"column":59}},"2":{"start":{"line":4,"column":0},"end":{"line":4,"column":34}},"3":{"start":{"line":5,"column":0},"end":{"line":5,"column":47}},"4":{"start":{"line":6,"column":0},"end":{"line":6,"column":85}},"5":{"start":{"line":7,"column":0},"end":{"line":7,"column":60}},"6":{"start":{"line":9,"column":14},"end":{"line":18,"column":2}},"7":{"start":{"line":24,"column":43},"end":{"line":106,"column":1}},"8":{"start":{"line":25,"column":27},"end":{"line":25,"column":59}},"9":{"start":{"line":26,"column":27},"end":{"line":26,"column":55}},"10":{"start":{"line":28,"column":2},"end":{"line":105,"column":4}},"11":{"start":{"line":58,"column":14},"end":{"line":98,"column":null}},"12":{"start":{"line":69,"column":30},"end":{"line":69,"column":57}},"13":{"start":{"line":80,"column":30},"end":{"line":80,"column":57}},"14":{"start":{"line":91,"column":30},"end":{"line":91,"column":57}},"15":{"start":{"line":24,"column":13},"end":{"line":24,"column":43}}},"fnMap":{"0":{"name":"(anonymous_0)","decl":{"start":{"line":24,"column":43},"end":{"line":24,"column":44}},"loc":{"start":{"line":24,"column":66},"end":{"line":106,"column":1}}},"1":{"name":"(anonymous_1)","decl":{"start":{"line":57,"column":13},"end":{"line":57,"column":14}},"loc":{"start":{"line":58,"column":14},"end":{"line":98,"column":null}}},"2":{"name":"(anonymous_2)","decl":{"start":{"line":69,"column":21},"end":{"line":69,"column":22}},"loc":{"start":{"line":69,"column":30},"end":{"line":69,"column":57}}},"3":{"name":"(anonymous_3)","decl":{"start":{"line":80,"column":21},"end":{"line":80,"column":22}},"loc":{"start":{"line":80,"column":30},"end":{"line":80,"column":57}}},"4":{"name":"(anonymous_4)","decl":{"start":{"line":91,"column":21},"end":{"line":91,"column":22}},"loc":{"start":{"line":91,"column":30},"end":{"line":91,"column":57}}}},"branchMap":{},"s":{"0":5,"1":5,"2":5,"3":5,"4":5,"5":5,"6":5,"7":5,"8":2,"9":2,"10":2,"11":12,"12":2,"13":1,"14":1,"15":5},"f":{"0":2,"1":12,"2":2,"3":1,"4":1},"b":{}}
,"C:\\Users\\gvg74\\Desktop\\aitho\\esercizio5_Routing\\routing_app\\src\\components\\modal\\utils\\useHandleProfile.ts": {"path":"C:\\Users\\gvg74\\Desktop\\aitho\\esercizio5_Routing\\routing_app\\src\\components\\modal\\utils\\useHandleProfile.ts","statementMap":{"0":{"start":{"line":1,"column":0},"end":{"line":1,"column":36}},"1":{"start":{"line":2,"column":0},"end":{"line":2,"column":55}},"2":{"start":{"line":4,"column":0},"end":{"line":4,"column":62}},"3":{"start":{"line":23,"column":32},"end":{"line":52,"column":1}},"4":{"start":{"line":24,"column":19},"end":{"line":25,"column":null}},"5":{"start":{"line":25,"column":37},"end":{"line":25,"column":60}},"6":{"start":{"line":28,"column":19},"end":{"line":28,"column":32}},"7":{"start":{"line":30,"column":2},"end":{"line":51,"column":4}},"8":{"start":{"line":35,"column":6},"end":{"line":48,"column":null}},"9":{"start":{"line":36,"column":8},"end":{"line":36,"column":28}},"10":{"start":{"line":37,"column":8},"end":{"line":43,"column":10}},"11":{"start":{"line":44,"column":8},"end":{"line":44,"column":75}},"12":{"start":{"line":45,"column":8},"end":{"line":45,"column":29}},"13":{"start":{"line":46,"column":8},"end":{"line":46,"column":20}},"14":{"start":{"line":47,"column":8},"end":{"line":47,"column":25}},"15":{"start":{"line":23,"column":13},"end":{"line":23,"column":32}}},"fnMap":{"0":{"name":"(anonymous_0)","decl":{"start":{"line":23,"column":32},"end":{"line":23,"column":33}},"loc":{"start":{"line":23,"column":63},"end":{"line":52,"column":1}}},"1":{"name":"(anonymous_1)","decl":{"start":{"line":25,"column":4},"end":{"line":25,"column":5}},"loc":{"start":{"line":25,"column":37},"end":{"line":25,"column":60}}},"2":{"name":"(anonymous_2)","decl":{"start":{"line":31,"column":4},"end":{"line":31,"column":null}},"loc":{"start":{"line":34,"column":8},"end":{"line":49,"column":5}}}},"branchMap":{"0":{"loc":{"start":{"line":35,"column":6},"end":{"line":48,"column":null}},"type":"if","locations":[{"start":{"line":35,"column":6},"end":{"line":48,"column":null}}]}},"s":{"0":5,"1":5,"2":5,"3":5,"4":1,"5":0,"6":1,"7":1,"8":1,"9":1,"10":1,"11":1,"12":1,"13":1,"14":1,"15":5},"f":{"0":1,"1":0,"2":1},"b":{"0":[1]}}
,"C:\\Users\\gvg74\\Desktop\\aitho\\esercizio5_Routing\\routing_app\\src\\components\\modal\\validation\\useValidationProfileSchema.ts": {"path":"C:\\Users\\gvg74\\Desktop\\aitho\\esercizio5_Routing\\routing_app\\src\\components\\modal\\validation\\useValidationProfileSchema.ts","statementMap":{"0":{"start":{"line":1,"column":0},"end":{"line":1,"column":42}},"1":{"start":{"line":3,"column":0},"end":{"line":3,"column":27}},"2":{"start":{"line":5,"column":42},"end":{"line":32,"column":1}},"3":{"start":{"line":6,"column":23},"end":{"line":7,"column":null}},"4":{"start":{"line":7,"column":26},"end":{"line":7,"column":55}},"5":{"start":{"line":9,"column":34},"end":{"line":30,"column":4}},"6":{"start":{"line":31,"column":2},"end":{"line":31,"column":33}},"7":{"start":{"line":5,"column":13},"end":{"line":5,"column":42}}},"fnMap":{"0":{"name":"(anonymous_6)","decl":{"start":{"line":5,"column":42},"end":{"line":5,"column":45}},"loc":{"start":{"line":5,"column":47},"end":{"line":32,"column":1}}},"1":{"name":"(anonymous_7)","decl":{"start":{"line":7,"column":4},"end":{"line":7,"column":5}},"loc":{"start":{"line":7,"column":26},"end":{"line":7,"column":55}}}},"branchMap":{},"s":{"0":6,"1":6,"2":6,"3":4,"4":0,"5":4,"6":4,"7":6},"f":{"0":4,"1":0},"b":{}}
,"C:\\Users\\gvg74\\Desktop\\aitho\\esercizio5_Routing\\routing_app\\src\\components\\navbar\\Navbar.tsx": {"path":"C:\\Users\\gvg74\\Desktop\\aitho\\esercizio5_Routing\\routing_app\\src\\components\\navbar\\Navbar.tsx","statementMap":{"0":{"start":{"line":1,"column":0},"end":{"line":1,"column":53}},"1":{"start":{"line":2,"column":0},"end":{"line":2,"column":42}},"2":{"start":{"line":3,"column":0},"end":{"line":3,"column":36}},"3":{"start":{"line":4,"column":0},"end":{"line":4,"column":44}},"4":{"start":{"line":5,"column":0},"end":{"line":5,"column":48}},"5":{"start":{"line":6,"column":0},"end":{"line":6,"column":43}},"6":{"start":{"line":7,"column":0},"end":{"line":7,"column":45}},"7":{"start":{"line":8,"column":0},"end":{"line":8,"column":59}},"8":{"start":{"line":9,"column":0},"end":{"line":9,"column":48}},"9":{"start":{"line":10,"column":0},"end":{"line":10,"column":48}},"10":{"start":{"line":11,"column":0},"end":{"line":11,"column":56}},"11":{"start":{"line":12,"column":0},"end":{"line":12,"column":50}},"12":{"start":{"line":13,"column":0},"end":{"line":13,"column":54}},"13":{"start":{"line":15,"column":22},"end":{"line":76,"column":1}},"14":{"start":{"line":16,"column":16},"end":{"line":16,"column":26}},"15":{"start":{"line":17,"column":19},"end":{"line":17,"column":62}},"16":{"start":{"line":18,"column":42},"end":{"line":18,"column":57}},"17":{"start":{"line":20,"column":23},"end":{"line":34,"column":16}},"18":{"start":{"line":21,"column":4},"end":{"line":33,"column":6}},"19":{"start":{"line":27,"column":23},"end":{"line":27,"column":44}},"20":{"start":{"line":36,"column":2},"end":{"line":40,"column":17}},"21":{"start":{"line":37,"column":4},"end":{"line":39,"column":null}},"22":{"start":{"line":38,"column":6},"end":{"line":38,"column":29}},"23":{"start":{"line":42,"column":2},"end":{"line":75,"column":4}},"24":{"start":{"line":66,"column":29},"end":{"line":66,"column":51}},"25":{"start":{"line":15,"column":13},"end":{"line":15,"column":22}}},"fnMap":{"0":{"name":"(anonymous_1)","decl":{"start":{"line":15,"column":22},"end":{"line":15,"column":25}},"loc":{"start":{"line":15,"column":27},"end":{"line":76,"column":1}}},"1":{"name":"(anonymous_2)","decl":{"start":{"line":20,"column":31},"end":{"line":20,"column":34}},"loc":{"start":{"line":20,"column":36},"end":{"line":34,"column":3}}},"2":{"name":"(anonymous_3)","decl":{"start":{"line":27,"column":17},"end":{"line":27,"column":20}},"loc":{"start":{"line":27,"column":23},"end":{"line":27,"column":44}}},"3":{"name":"(anonymous_4)","decl":{"start":{"line":36,"column":12},"end":{"line":36,"column":15}},"loc":{"start":{"line":36,"column":17},"end":{"line":40,"column":3}}},"4":{"name":"(anonymous_5)","decl":{"start":{"line":66,"column":23},"end":{"line":66,"column":26}},"loc":{"start":{"line":66,"column":29},"end":{"line":66,"column":51}}}},"branchMap":{"0":{"loc":{"start":{"line":21,"column":11},"end":{"line":32,"column":null}},"type":"cond-expr","locations":[{"start":{"line":22,"column":6},"end":{"line":29,"column":null}},{"start":{"line":32,"column":6},"end":{"line":32,"column":20}}]},"1":{"loc":{"start":{"line":37,"column":4},"end":{"line":39,"column":null}},"type":"if","locations":[{"start":{"line":37,"column":4},"end":{"line":39,"column":null}}]}},"s":{"0":5,"1":5,"2":5,"3":5,"4":5,"5":5,"6":5,"7":5,"8":5,"9":5,"10":5,"11":5,"12":5,"13":5,"14":5,"15":5,"16":5,"17":5,"18":3,"19":1,"20":5,"21":3,"22":2,"23":5,"24":1,"25":5},"f":{"0":5,"1":3,"2":1,"3":3,"4":1},"b":{"0":[1,2],"1":[2]}}
,"C:\\Users\\gvg74\\Desktop\\aitho\\esercizio5_Routing\\routing_app\\src\\components\\navbarItem\\NavbarItem.tsx": {"path":"C:\\Users\\gvg74\\Desktop\\aitho\\esercizio5_Routing\\routing_app\\src\\components\\navbarItem\\NavbarItem.tsx","statementMap":{"0":{"start":{"line":1,"column":0},"end":{"line":1,"column":53}},"1":{"start":{"line":3,"column":0},"end":{"line":3,"column":43}},"2":{"start":{"line":4,"column":0},"end":{"line":4,"column":45}},"3":{"start":{"line":6,"column":26},"end":{"line":66,"column":1}},"4":{"start":{"line":8,"column":4},"end":{"line":62,"column":null}},"5":{"start":{"line":19,"column":36},"end":{"line":22,"column":12}},"6":{"start":{"line":30,"column":36},"end":{"line":33,"column":12}},"7":{"start":{"line":41,"column":36},"end":{"line":44,"column":12}},"8":{"start":{"line":65,"column":2},"end":{"line":65,"column":26}},"9":{"start":{"line":6,"column":13},"end":{"line":6,"column":26}}},"fnMap":{"0":{"name":"(anonymous_0)","decl":{"start":{"line":6,"column":26},"end":{"line":6,"column":29}},"loc":{"start":{"line":6,"column":31},"end":{"line":66,"column":1}}},"1":{"name":"(anonymous_1)","decl":{"start":{"line":19,"column":17},"end":{"line":19,"column":18}},"loc":{"start":{"line":19,"column":36},"end":{"line":22,"column":12}}},"2":{"name":"(anonymous_2)","decl":{"start":{"line":30,"column":17},"end":{"line":30,"column":18}},"loc":{"start":{"line":30,"column":36},"end":{"line":33,"column":12}}},"3":{"name":"(anonymous_3)","decl":{"start":{"line":41,"column":17},"end":{"line":41,"column":18}},"loc":{"start":{"line":41,"column":36},"end":{"line":44,"column":12}}}},"branchMap":{"0":{"loc":{"start":{"line":20,"column":19},"end":{"line":20,"column":44}},"type":"cond-expr","locations":[{"start":{"line":20,"column":30},"end":{"line":20,"column":35}},{"start":{"line":20,"column":38},"end":{"line":20,"column":44}}]},"1":{"loc":{"start":{"line":31,"column":19},"end":{"line":31,"column":44}},"type":"cond-expr","locations":[{"start":{"line":31,"column":30},"end":{"line":31,"column":35}},{"start":{"line":31,"column":38},"end":{"line":31,"column":44}}]},"2":{"loc":{"start":{"line":42,"column":19},"end":{"line":42,"column":44}},"type":"cond-expr","locations":[{"start":{"line":42,"column":30},"end":{"line":42,"column":35}},{"start":{"line":42,"column":38},"end":{"line":42,"column":44}}]}},"s":{"0":6,"1":6,"2":6,"3":6,"4":5,"5":8,"6":8,"7":8,"8":5,"9":6},"f":{"0":5,"1":8,"2":8,"3":8},"b":{"0":[1,7],"1":[1,7],"2":[3,5]}}
,"C:\\Users\\gvg74\\Desktop\\aitho\\esercizio5_Routing\\routing_app\\src\\components\\signUp\\SignUp.tsx": {"path":"C:\\Users\\gvg74\\Desktop\\aitho\\esercizio5_Routing\\routing_app\\src\\components\\signUp\\SignUp.tsx","statementMap":{"0":{"start":{"line":1,"column":0},"end":{"line":1,"column":32}},"1":{"start":{"line":2,"column":0},"end":{"line":2,"column":null}},"2":{"start":{"line":12,"column":0},"end":{"line":12,"column":35}},"3":{"start":{"line":14,"column":0},"end":{"line":14,"column":40}},"4":{"start":{"line":15,"column":0},"end":{"line":15,"column":58}},"5":{"start":{"line":16,"column":0},"end":{"line":16,"column":65}},"6":{"start":{"line":18,"column":22},"end":{"line":148,"column":1}},"7":{"start":{"line":19,"column":23},"end":{"line":19,"column":40}},"8":{"start":{"line":29,"column":6},"end":{"line":40,"column":4}},"9":{"start":{"line":42,"column":23},"end":{"line":50,"column":null}},"10":{"start":{"line":44,"column":6},"end":{"line":47,"column":null}},"11":{"start":{"line":53,"column":2},"end":{"line":147,"column":4}},"12":{"start":{"line":18,"column":13},"end":{"line":18,"column":22}}},"fnMap":{"0":{"name":"(anonymous_0)","decl":{"start":{"line":18,"column":22},"end":{"line":18,"column":25}},"loc":{"start":{"line":18,"column":27},"end":{"line":148,"column":1}}},"1":{"name":"(anonymous_1)","decl":{"start":{"line":43,"column":4},"end":{"line":43,"column":7}},"loc":{"start":{"line":44,"column":6},"end":{"line":47,"column":null}}}},"branchMap":{"0":{"loc":{"start":{"line":88,"column":25},"end":{"line":88,"column":69}},"type":"binary-expr","locations":[{"start":{"line":88,"column":25},"end":{"line":88,"column":41}},{"start":{"line":88,"column":45},"end":{"line":88,"column":69}}]},"1":{"loc":{"start":{"line":89,"column":30},"end":{"line":89,"column":65}},"type":"binary-expr","locations":[{"start":{"line":89,"column":30},"end":{"line":89,"column":46}},{"start":{"line":89,"column":50},"end":{"line":89,"column":65}}]},"2":{"loc":{"start":{"line":102,"column":25},"end":{"line":102,"column":63}},"type":"binary-expr","locations":[{"start":{"line":102,"column":25},"end":{"line":102,"column":38}},{"start":{"line":102,"column":42},"end":{"line":102,"column":63}}]},"3":{"loc":{"start":{"line":103,"column":30},"end":{"line":103,"column":59}},"type":"binary-expr","locations":[{"start":{"line":103,"column":30},"end":{"line":103,"column":43}},{"start":{"line":103,"column":47},"end":{"line":103,"column":59}}]},"4":{"loc":{"start":{"line":119,"column":23},"end":{"line":119,"column":67}},"type":"binary-expr","locations":[{"start":{"line":119,"column":23},"end":{"line":119,"column":39}},{"start":{"line":119,"column":43},"end":{"line":119,"column":67}}]},"5":{"loc":{"start":{"line":120,"column":28},"end":{"line":120,"column":63}},"type":"binary-expr","locations":[{"start":{"line":120,"column":28},"end":{"line":120,"column":44}},{"start":{"line":120,"column":48},"end":{"line":120,"column":63}}]},"6":{"loc":{"start":{"line":136,"column":18},"end":{"line":136,"column":76}},"type":"binary-expr","locations":[{"start":{"line":136,"column":18},"end":{"line":136,"column":41}},{"start":{"line":136,"column":45},"end":{"line":136,"column":76}}]},"7":{"loc":{"start":{"line":138,"column":28},"end":{"line":138,"column":77}},"type":"binary-expr","locations":[{"start":{"line":138,"column":28},"end":{"line":138,"column":51}},{"start":{"line":138,"column":55},"end":{"line":138,"column":77}}]}},"s":{"0":5,"1":5,"2":5,"3":5,"4":5,"5":5,"6":5,"7":15,"8":15,"9":14,"10":5,"11":14,"12":5},"f":{"0":15,"1":5},"b":{"0":[14,5],"1":[14,5],"2":[14,4],"3":[14,4],"4":[14,3],"5":[14,3],"6":[14,2],"7":[14,2]}}
,"C:\\Users\\gvg74\\Desktop\\aitho\\esercizio5_Routing\\routing_app\\src\\components\\signUp\\utils\\useHandleSignUp.ts": {"path":"C:\\Users\\gvg74\\Desktop\\aitho\\esercizio5_Routing\\routing_app\\src\\components\\signUp\\utils\\useHandleSignUp.ts","statementMap":{"0":{"start":{"line":1,"column":0},"end":{"line":1,"column":36}},"1":{"start":{"line":3,"column":0},"end":{"line":3,"column":47}},"2":{"start":{"line":4,"column":0},"end":{"line":4,"column":62}},"3":{"start":{"line":5,"column":0},"end":{"line":5,"column":48}},"4":{"start":{"line":6,"column":0},"end":{"line":6,"column":42}},"5":{"start":{"line":8,"column":31},"end":{"line":22,"column":1}},"6":{"start":{"line":9,"column":19},"end":{"line":9,"column":32}},"7":{"start":{"line":10,"column":19},"end":{"line":10,"column":32}},"8":{"start":{"line":11,"column":2},"end":{"line":21,"column":4}},"9":{"start":{"line":13,"column":6},"end":{"line":16,"column":8}},"10":{"start":{"line":17,"column":6},"end":{"line":17,"column":80}},"11":{"start":{"line":18,"column":6},"end":{"line":18,"column":32}},"12":{"start":{"line":8,"column":13},"end":{"line":8,"column":31}}},"fnMap":{"0":{"name":"(anonymous_0)","decl":{"start":{"line":8,"column":31},"end":{"line":8,"column":34}},"loc":{"start":{"line":8,"column":36},"end":{"line":22,"column":1}}},"1":{"name":"(anonymous_1)","decl":{"start":{"line":12,"column":4},"end":{"line":12,"column":5}},"loc":{"start":{"line":12,"column":67},"end":{"line":19,"column":5}}}},"branchMap":{},"s":{"0":5,"1":5,"2":5,"3":5,"4":5,"5":5,"6":1,"7":1,"8":1,"9":1,"10":1,"11":1,"12":5},"f":{"0":1,"1":1},"b":{}}
,"C:\\Users\\gvg74\\Desktop\\aitho\\esercizio5_Routing\\routing_app\\src\\components\\signUp\\validation\\ValidationSchema.ts": {"path":"C:\\Users\\gvg74\\Desktop\\aitho\\esercizio5_Routing\\routing_app\\src\\components\\signUp\\validation\\ValidationSchema.ts","statementMap":{"0":{"start":{"line":1,"column":0},"end":{"line":1,"column":27}},"1":{"start":{"line":2,"column":13},"end":{"line":20,"column":3}}},"fnMap":{},"branchMap":{},"s":{"0":6,"1":6},"f":{},"b":{}}
,"C:\\Users\\gvg74\\Desktop\\aitho\\esercizio5_Routing\\routing_app\\src\\constans\\Route.ts": {"path":"C:\\Users\\gvg74\\Desktop\\aitho\\esercizio5_Routing\\routing_app\\src\\constans\\Route.ts","statementMap":{"0":{"start":{"line":1,"column":0},"end":{"line":1,"column":null}},"1":{"start":{"line":2,"column":2},"end":{"line":2,"column":null}},"2":{"start":{"line":3,"column":2},"end":{"line":3,"column":null}},"3":{"start":{"line":4,"column":2},"end":{"line":4,"column":null}},"4":{"start":{"line":5,"column":2},"end":{"line":5,"column":null}},"5":{"start":{"line":6,"column":2},"end":{"line":6,"column":null}},"6":{"start":{"line":7,"column":2},"end":{"line":7,"column":null}}},"fnMap":{"0":{"name":"(anonymous_0)","decl":{"start":{"line":1,"column":0},"end":{"line":1,"column":12}},"loc":{"start":{"line":1,"column":17},"end":{"line":8,"column":1}}}},"branchMap":{"0":{"loc":{"start":{"line":1,"column":12},"end":{"line":1,"column":null}},"type":"binary-expr","locations":[{"start":{"line":1,"column":12},"end":{"line":1,"column":17}},{"start":{"line":1,"column":17},"end":{"line":1,"column":null}}]}},"s":{"0":8,"1":8,"2":8,"3":8,"4":8,"5":8,"6":8},"f":{"0":8},"b":{"0":[8,8]}}
,"C:\\Users\\gvg74\\Desktop\\aitho\\esercizio5_Routing\\routing_app\\src\\store\\signupSlice.ts": {"path":"C:\\Users\\gvg74\\Desktop\\aitho\\esercizio5_Routing\\routing_app\\src\\store\\signupSlice.ts","statementMap":{"0":{"start":{"line":1,"column":0},"end":{"line":1,"column":47}},"1":{"start":{"line":10,"column":13},"end":{"line":15,"column":2}},"2":{"start":{"line":17,"column":40},"end":{"line":19,"column":2}},"3":{"start":{"line":21,"column":13},"end":{"line":32,"column":3}},"4":{"start":{"line":27,"column":69},"end":{"line":29,"column":6}},"5":{"start":{"line":30,"column":22},"end":{"line":30,"column":34}},"6":{"start":{"line":34,"column":13},"end":{"line":34,"column":48}},"7":{"start":{"line":36,"column":0},"end":{"line":36,"column":35}}},"fnMap":{"0":{"name":"(anonymous_0)","decl":{"start":{"line":27,"column":22},"end":{"line":27,"column":23}},"loc":{"start":{"line":27,"column":69},"end":{"line":29,"column":6}}},"1":{"name":"(anonymous_1)","decl":{"start":{"line":30,"column":16},"end":{"line":30,"column":19}},"loc":{"start":{"line":30,"column":22},"end":{"line":30,"column":34}}}},"branchMap":{},"s":{"0":9,"1":9,"2":9,"3":9,"4":1,"5":1,"6":9,"7":9},"f":{"0":1,"1":1},"b":{}}
}
