TN:
SF:src\components\index.ts
FN:7,(anonymous_0)
FN:7,(anonymous_1)
FN:7,(anonymous_2)
FN:7,(anonymous_3)
FN:7,(anonymous_4)
FNF:5
FNH:5
FNDA:3,(anonymous_0)
FNDA:3,(anonymous_1)
FNDA:3,(anonymous_2)
FNDA:23,(anonymous_3)
FNDA:2,(anonymous_4)
DA:1,5
DA:2,5
DA:3,5
DA:4,5
DA:5,5
DA:7,28
LF:6
LH:6
BRF:0
BRH:0
end_of_record
TN:
SF:src\components\alert\AlertForm.tsx
FN:8,(anonymous_0)
FNF:1
FNH:1
FNDA:5,(anonymous_0)
DA:1,6
DA:2,6
DA:8,6
DA:9,5
LF:4
LH:4
BRF:0
BRH:0
end_of_record
TN:
SF:src\components\button\CustomButton.tsx
FN:11,(anonymous_0)
FNF:1
FNH:1
FNDA:15,(anonymous_0)
DA:1,5
DA:2,5
DA:10,5
DA:12,15
LF:4
LH:4
BRF:0
BRH:0
end_of_record
TN:
SF:src\components\login\Login.tsx
FN:17,(anonymous_0)
FN:41,(anonymous_1)
FNF:2
FNH:2
FNDA:11,(anonymous_0)
FNDA:5,(anonymous_1)
DA:1,4
DA:2,4
DA:11,4
DA:13,4
DA:14,4
DA:15,4
DA:17,4
DA:18,11
DA:19,11
DA:28,11
DA:39,10
DA:42,5
DA:51,10
LF:13
LH:13
BRDA:86,0,0,10
BRDA:86,0,1,3
BRDA:87,1,0,10
BRDA:87,1,1,3
BRDA:102,2,0,10
BRDA:102,2,1,2
BRDA:103,3,0,10
BRDA:103,3,1,2
BRF:8
BRH:8
end_of_record
TN:
SF:src\components\login\utils\useHandleOnSubmit.ts
FN:10,(anonymous_0)
FN:12,(anonymous_1)
FN:16,(anonymous_2)
FNF:3
FNH:2
FNDA:1,(anonymous_0)
FNDA:0,(anonymous_1)
FNDA:1,(anonymous_2)
DA:1,4
DA:3,4
DA:4,4
DA:5,4
DA:6,4
DA:10,4
DA:11,1
DA:12,0
DA:14,1
DA:15,1
DA:16,1
DA:17,1
DA:21,1
DA:22,1
LF:14
LH:13
BRF:0
BRH:0
end_of_record
TN:
SF:src\components\login\validation\useValidationSchema.ts
FN:5,(anonymous_6)
FN:8,(anonymous_7)
FNF:2
FNH:1
FNDA:13,(anonymous_6)
FNDA:0,(anonymous_7)
DA:1,5
DA:2,5
DA:5,5
DA:6,13
DA:8,0
DA:11,13
DA:22,13
LF:7
LH:6
BRF:0
BRH:0
end_of_record
TN:
SF:src\components\modal\ModalProfile.tsx
FN:24,(anonymous_0)
FN:57,(anonymous_1)
FN:69,(anonymous_2)
FN:80,(anonymous_3)
FN:91,(anonymous_4)
FNF:5
FNH:5
FNDA:2,(anonymous_0)
FNDA:12,(anonymous_1)
FNDA:2,(anonymous_2)
FNDA:1,(anonymous_3)
FNDA:1,(anonymous_4)
DA:2,5
DA:3,5
DA:4,5
DA:5,5
DA:6,5
DA:7,5
DA:9,5
DA:24,5
DA:25,2
DA:26,2
DA:28,2
DA:58,12
DA:69,2
DA:80,1
DA:91,1
LF:15
LH:15
BRF:0
BRH:0
end_of_record
TN:
SF:src\components\modal\utils\useHandleProfile.ts
FN:23,(anonymous_0)
FN:25,(anonymous_1)
FN:31,(anonymous_2)
FNF:3
FNH:2
FNDA:1,(anonymous_0)
FNDA:0,(anonymous_1)
FNDA:1,(anonymous_2)
DA:1,5
DA:2,5
DA:4,5
DA:23,5
DA:24,1
DA:25,0
DA:28,1
DA:30,1
DA:35,1
DA:36,1
DA:37,1
DA:44,1
DA:45,1
DA:46,1
DA:47,1
LF:15
LH:14
BRDA:35,0,0,1
BRF:1
BRH:1
end_of_record
TN:
SF:src\components\modal\validation\useValidationProfileSchema.ts
FN:5,(anonymous_6)
FN:7,(anonymous_7)
FNF:2
FNH:1
FNDA:4,(anonymous_6)
FNDA:0,(anonymous_7)
DA:1,6
DA:3,6
DA:5,6
DA:6,4
DA:7,0
DA:9,4
DA:31,4
LF:7
LH:6
BRF:0
BRH:0
end_of_record
TN:
SF:src\components\navbar\Navbar.tsx
FN:15,(anonymous_1)
FN:20,(anonymous_2)
FN:27,(anonymous_3)
FN:36,(anonymous_4)
FN:66,(anonymous_5)
FNF:5
FNH:5
FNDA:5,(anonymous_1)
FNDA:3,(anonymous_2)
FNDA:1,(anonymous_3)
FNDA:3,(anonymous_4)
FNDA:1,(anonymous_5)
DA:1,5
DA:2,5
DA:3,5
DA:4,5
DA:5,5
DA:6,5
DA:7,5
DA:8,5
DA:9,5
DA:10,5
DA:11,5
DA:12,5
DA:13,5
DA:15,5
DA:16,5
DA:17,5
DA:18,5
DA:20,5
DA:21,3
DA:27,1
DA:36,5
DA:37,3
DA:38,2
DA:42,5
DA:66,1
LF:25
LH:25
BRDA:21,0,0,1
BRDA:21,0,1,2
BRDA:37,1,0,2
BRF:3
BRH:3
end_of_record
TN:
SF:src\components\navbarItem\NavbarItem.tsx
FN:6,(anonymous_0)
FN:19,(anonymous_1)
FN:30,(anonymous_2)
FN:41,(anonymous_3)
FNF:4
FNH:4
FNDA:5,(anonymous_0)
FNDA:8,(anonymous_1)
FNDA:8,(anonymous_2)
FNDA:8,(anonymous_3)
DA:1,6
DA:3,6
DA:4,6
DA:6,6
DA:8,5
DA:19,8
DA:30,8
DA:41,8
DA:65,5
LF:9
LH:9
BRDA:20,0,0,1
BRDA:20,0,1,7
BRDA:31,1,0,1
BRDA:31,1,1,7
BRDA:42,2,0,3
BRDA:42,2,1,5
BRF:6
BRH:6
end_of_record
TN:
SF:src\components\signUp\SignUp.tsx
FN:18,(anonymous_0)
FN:43,(anonymous_1)
FNF:2
FNH:2
FNDA:15,(anonymous_0)
FNDA:5,(anonymous_1)
DA:1,5
DA:2,5
DA:12,5
DA:14,5
DA:15,5
DA:16,5
DA:18,5
DA:19,15
DA:29,15
DA:42,14
DA:44,5
DA:53,14
LF:12
LH:12
BRDA:88,0,0,14
BRDA:88,0,1,5
BRDA:89,1,0,14
BRDA:89,1,1,5
BRDA:102,2,0,14
BRDA:102,2,1,4
BRDA:103,3,0,14
BRDA:103,3,1,4
BRDA:119,4,0,14
BRDA:119,4,1,3
BRDA:120,5,0,14
BRDA:120,5,1,3
BRDA:136,6,0,14
BRDA:136,6,1,2
BRDA:138,7,0,14
BRDA:138,7,1,2
BRF:16
BRH:16
end_of_record
TN:
SF:src\components\signUp\utils\useHandleSignUp.ts
FN:8,(anonymous_0)
FN:12,(anonymous_1)
FNF:2
FNH:2
FNDA:1,(anonymous_0)
FNDA:1,(anonymous_1)
DA:1,5
DA:3,5
DA:4,5
DA:5,5
DA:6,5
DA:8,5
DA:9,1
DA:10,1
DA:11,1
DA:13,1
DA:17,1
DA:18,1
LF:12
LH:12
BRF:0
BRH:0
end_of_record
TN:
SF:src\components\signUp\validation\ValidationSchema.ts
FNF:0
FNH:0
DA:1,6
DA:2,6
LF:2
LH:2
BRF:0
BRH:0
end_of_record
TN:
SF:src\constans\Route.ts
FN:1,(anonymous_0)
FNF:1
FNH:1
FNDA:8,(anonymous_0)
DA:1,8
DA:2,8
DA:3,8
DA:4,8
DA:5,8
DA:6,8
DA:7,8
LF:7
LH:7
BRDA:1,0,0,8
BRDA:1,0,1,8
BRF:2
BRH:2
end_of_record
TN:
SF:src\store\signupSlice.ts
FN:27,(anonymous_0)
FN:30,(anonymous_1)
FNF:2
FNH:2
FNDA:1,(anonymous_0)
FNDA:1,(anonymous_1)
DA:1,9
DA:10,9
DA:17,9
DA:21,9
DA:27,1
DA:30,1
DA:34,9
DA:36,9
LF:8
LH:8
BRF:0
BRH:0
end_of_record
